<?xml version="1.0" encoding="UTF-8"?>
<!-- Generated by org.testng.reporters.JUnitReportReporter -->
<testsuite hostname="DESKTOP-NLKSR34" failures="0" tests="1" name="Test" time="0.009" errors="0" timestamp="13 дек. 2024 16:40:21 GMT" skipped="0">
  <testcase classname="Test" name="TestExample" time="0.009"/>
</testsuite> <!-- Test -->
